-------------------------------------------------------------------------------
Test set: com.ppro.qatest.tests.PaymentPageTest
-------------------------------------------------------------------------------
Tests run: 6, Failures: 2, Errors: 0, Skipped: 0, Time elapsed: 46.825 s <<< FAILURE! - in com.ppro.qatest.tests.PaymentPageTest
PaymentTest(com.ppro.qatest.tests.PaymentPageTest)  Time elapsed: 0.333 s  <<< FAILURE!
java.lang.AssertionError: expected [Transaction Succeded] but found [Transaction Failed]
	at com.ppro.qatest.tests.PaymentPageTest.PaymentTest(PaymentPageTest.java:59)

PaymentTest(com.ppro.qatest.tests.PaymentPageTest)  Time elapsed: 0.322 s  <<< FAILURE!
java.lang.AssertionError: expected [Transaction Succeded] but found [Transaction Failed]
	at com.ppro.qatest.tests.PaymentPageTest.PaymentTest(PaymentPageTest.java:59)

