<?xml version="1.0" encoding="UTF-8"?>
<testsuite xmlns:xsi="http://www.w3.org/2001/XMLSchema-instance" xsi:noNamespaceSchemaLocation="https://maven.apache.org/surefire/maven-surefire-plugin/xsd/surefire-test-report.xsd" name="com.ppro.qatest.tests.PaymentPageTest" time="46.825" tests="6" errors="0" skipped="0" failures="2">
  <properties>
[...]
</properties>
  <testcase name="PaymentTest" classname="com.ppro.qatest.tests.PaymentPageTest" time="0.399"/>
  <testcase name="PaymentTest" classname="com.ppro.qatest.tests.PaymentPageTest" time="0.313"/>
  <testcase name="PaymentTest" classname="com.ppro.qatest.tests.PaymentPageTest" time="0.333">
    <failure message="expected [Transaction Succeded] but found [Transaction Failed]" type="java.lang.AssertionError">java.lang.AssertionError: expected [Transaction Succeded] but found [Transaction Failed]
	at com.ppro.qatest.tests.PaymentPageTest.PaymentTest(PaymentPageTest.java:59)
</failure>
    <system-out><![CDATA[Browser initialized is : chrome
]]></system-out>
    <system-err><![CDATA[Starting ChromeDriver 84.0.4147.30 (48b3e868b4cc0aa7e8149519690b6f6949e110a8-refs/branch-heads/4147@{#310}) on port 41051
Only local connections are allowed.
Please see https://chromedriver.chromium.org/security-considerations for suggestions on keeping ChromeDriver safe.
ChromeDriver was started successfully.
[1598452783.211][WARNING]: This version of ChromeDriver has not been tested with Chrome version 85.
Aug 26, 2020 4:39:45 PM org.openqa.selenium.remote.ProtocolHandshake createSession
INFO: Detected dialect: W3C
]]></system-err>
  </testcase>
  <testcase name="PaymentTest" classname="com.ppro.qatest.tests.PaymentPageTest" time="0.322">
    <failure message="expected [Transaction Succeded] but found [Transaction Failed]" type="java.lang.AssertionError">java.lang.AssertionError: expected [Transaction Succeded] but found [Transaction Failed]
	at com.ppro.qatest.tests.PaymentPageTest.PaymentTest(PaymentPageTest.java:59)
</failure>
    <system-out><![CDATA[Browser initialized is : chrome
]]></system-out>
    <system-err><![CDATA[Starting ChromeDriver 84.0.4147.30 (48b3e868b4cc0aa7e8149519690b6f6949e110a8-refs/branch-heads/4147@{#310}) on port 48316
Only local connections are allowed.
Please see https://chromedriver.chromium.org/security-considerations for suggestions on keeping ChromeDriver safe.
ChromeDriver was started successfully.
[1598452790.088][WARNING]: This version of ChromeDriver has not been tested with Chrome version 85.
Aug 26, 2020 4:39:52 PM org.openqa.selenium.remote.ProtocolHandshake createSession
INFO: Detected dialect: W3C
]]></system-err>
  </testcase>
  <testcase name="PaymentPageHeaderTest" classname="com.ppro.qatest.tests.PaymentPageTest" time="0.063"/>
  <testcase name="sucessPayTest" classname="com.ppro.qatest.tests.PaymentPageTest" time="0.306"/>
</testsuite>